  [1m[35m (3.4ms)[0m  [1m[35mCREATE DATABASE `notible_backend_development` DEFAULT CHARACTER SET `utf8mb4` /*application='NotibleBackend'*/[0m
  [1m[35m (1.6ms)[0m  [1m[35mCREATE DATABASE `notible_backend_test` DEFAULT CHARACTER SET `utf8mb4` /*application='NotibleBackend'*/[0m
  [1m[35m (5.7ms)[0m  [1m[35mCREATE TABLE `schema_migrations` (`version` varchar(255) NOT NULL PRIMARY KEY) /*application='NotibleBackend'*/[0m
  [1m[35m (5.1ms)[0m  [1m[35mCREATE TABLE `ar_internal_metadata` (`key` varchar(255) NOT NULL PRIMARY KEY, `value` varchar(255), `created_at` datetime(6) NOT NULL, `updated_at` datetime(6) NOT NULL) /*application='NotibleBackend'*/[0m
  [1m[36mActiveRecord::SchemaMigration Load (0.9ms)[0m  [1m[34mSELECT `schema_migrations`.`version` FROM `schema_migrations` ORDER BY `schema_migrations`.`version` ASC /*application='NotibleBackend'*/[0m
  [1m[36mCACHE ActiveRecord::SchemaMigration Load (0.0ms)[0m  [1m[34mSELECT `schema_migrations`.`version` FROM `schema_migrations` ORDER BY `schema_migrations`.`version` ASC[0m
  [1m[36mCACHE ActiveRecord::SchemaMigration Load (0.0ms)[0m  [1m[34mSELECT `schema_migrations`.`version` FROM `schema_migrations` ORDER BY `schema_migrations`.`version` ASC[0m
  [1m[35mSQL (0.6ms)[0m  [1m[34mSELECT GET_LOCK('7611012271913099490', 0) /*application='NotibleBackend'*/[0m
  [1m[36mActiveRecord::SchemaMigration Load (0.4ms)[0m  [1m[34mSELECT `schema_migrations`.`version` FROM `schema_migrations` ORDER BY `schema_migrations`.`version` ASC /*application='NotibleBackend'*/[0m
  [1m[36mActiveRecord::InternalMetadata Load (1.1ms)[0m  [1m[34mSELECT * FROM `ar_internal_metadata` WHERE `ar_internal_metadata`.`key` = 'environment' ORDER BY `ar_internal_metadata`.`key` ASC LIMIT 1 /*application='NotibleBackend'*/[0m
  [1m[36mActiveRecord::InternalMetadata Create (1.1ms)[0m  [1m[32mINSERT INTO `ar_internal_metadata` (`key`, `value`, `created_at`, `updated_at`) VALUES ('environment', 'development', '2025-08-02 13:24:08.238364', '2025-08-02 13:24:08.238367') /*application='NotibleBackend'*/[0m
Migrating to CreateUsers (20250802132242)
  [1m[35m (7.1ms)[0m  [1m[35mCREATE TABLE `users` (`id` bigint NOT NULL AUTO_INCREMENT PRIMARY KEY, `username` varchar(255) NOT NULL, `email` varchar(255) NOT NULL, `password_digest` varchar(255) NOT NULL, `created_at` datetime(6) NOT NULL, `updated_at` datetime(6) NOT NULL) /*application='NotibleBackend'*/[0m
  [1m[35m (8.7ms)[0m  [1m[35mCREATE UNIQUE INDEX `index_users_on_username` ON `users` (`username`) /*application='NotibleBackend'*/[0m
  [1m[35m (8.7ms)[0m  [1m[35mCREATE UNIQUE INDEX `index_users_on_email` ON `users` (`email`) /*application='NotibleBackend'*/[0m
  [1m[36mActiveRecord::SchemaMigration Create (0.9ms)[0m  [1m[32mINSERT INTO `schema_migrations` (`version`) VALUES ('20250802132242') /*application='NotibleBackend'*/[0m
Migrating to CreateNotes (20250802132343)
  [1m[35m (12.0ms)[0m  [1m[35mCREATE TABLE `notes` (`id` bigint NOT NULL AUTO_INCREMENT PRIMARY KEY, `title` varchar(255), `content` text, `user_id` bigint NOT NULL, `tags` varchar(255), `created_at` datetime(6) NOT NULL, `updated_at` datetime(6) NOT NULL, INDEX `index_notes_on_user_id` (`user_id`), CONSTRAINT `fk_rails_7f2323ad43`
FOREIGN KEY (`user_id`)
  REFERENCES `users` (`id`)
) /*application='NotibleBackend'*/[0m
  [1m[36mActiveRecord::SchemaMigration Create (0.8ms)[0m  [1m[32mINSERT INTO `schema_migrations` (`version`) VALUES ('20250802132343') /*application='NotibleBackend'*/[0m
  [1m[35mSQL (0.2ms)[0m  [1m[34mSELECT RELEASE_LOCK('7611012271913099490') /*application='NotibleBackend'*/[0m
  [1m[36mActiveRecord::SchemaMigration Load (0.3ms)[0m  [1m[34mSELECT `schema_migrations`.`version` FROM `schema_migrations` ORDER BY `schema_migrations`.`version` ASC /*application='NotibleBackend'*/[0m
  [1m[36mActiveRecord::SchemaMigration Load (0.5ms)[0m  [1m[34mSELECT `schema_migrations`.`version` FROM `schema_migrations` ORDER BY `schema_migrations`.`version` ASC /*application='NotibleBackend'*/[0m
  [1m[36mActiveRecord::SchemaMigration Load (0.4ms)[0m  [1m[34mSELECT `schema_migrations`.`version` FROM `schema_migrations` ORDER BY `schema_migrations`.`version` ASC /*application='NotibleBackend'*/[0m
  [1m[36mActiveRecord::SchemaMigration Load (0.4ms)[0m  [1m[34mSELECT `schema_migrations`.`version` FROM `schema_migrations` ORDER BY `schema_migrations`.`version` ASC /*application='NotibleBackend'*/[0m
  [1m[36mActiveRecord::SchemaMigration Load (0.4ms)[0m  [1m[34mSELECT `schema_migrations`.`version` FROM `schema_migrations` ORDER BY `schema_migrations`.`version` ASC /*application='NotibleBackend'*/[0m
